<?xml version="1.0" encoding="UTF-8"?>
<!-- Generated by org.testng.reporters.JUnitReportReporter -->
<testsuite hostname="chethan" failures="0" tests="1" name="tests.FileDownload" time="32.456" errors="0" timestamp="2025-07-09T15:27:59 IST" skipped="0">
  <testcase classname="tests.FileDownload" name="testFileDownload" time="32.456"/>
</testsuite> <!-- tests.FileDownload -->
