<?xml version="1.0" encoding="UTF-8"?>
<!-- Generated by org.testng.reporters.JUnitReportReporter -->
<testsuite hostname="chethan" failures="0" tests="2" name="testRunners.OrderedScenarioRunner" time="0.055" errors="0" timestamp="2025-06-22T13:38:45 IST" skipped="0">
  <testcase classname="testRunners.OrderedScenarioRunner" name="runByTag" time="0.036"/>
  <testcase classname="testRunners.OrderedScenarioRunner" name="runByTag" time="0.019"/>
</testsuite> <!-- testRunners.OrderedScenarioRunner -->
