<?xml version="1.0" encoding="UTF-8"?>
<!-- Generated by org.testng.reporters.JUnitReportReporter -->
<testsuite hostname="chethan" failures="0" tests="2" name="testRunners.ParallelTestRunner" time="27.946" errors="0" timestamp="2025-07-02T18:53:16 IST" skipped="0">
  <testcase classname="testRunners.ParallelTestRunner" name="runScenario" time="9.366"/>
  <testcase classname="testRunners.ParallelTestRunner" name="runScenario" time="18.580"/>
</testsuite> <!-- testRunners.ParallelTestRunner -->
