<?xml version="1.0" encoding="UTF-8"?>
<!-- Generated by org.testng.reporters.JUnitReportReporter -->
<testsuite hostname="chethan" failures="0" tests="1" name="testRunners.ParallelTestRunner" time="16.687" errors="0" timestamp="2025-07-06T14:23:52 IST" skipped="0">
  <testcase classname="testRunners.ParallelTestRunner" name="runScenario" time="16.687"/>
</testsuite> <!-- testRunners.ParallelTestRunner -->
