<?xml version="1.0" encoding="UTF-8"?>
<!-- Generated by org.testng.reporters.JUnitReportReporter -->
<testsuite hostname="chethan" failures="0" tests="2" name="tests.AIGeneratedTest" time="0.012" errors="0" timestamp="2025-07-01T13:06:03 IST" skipped="0">
  <testcase classname="tests.AIGeneratedTest" name="getExcelData" time="0.011"/>
  <testcase classname="tests.AIGeneratedTest" name="getExcelData" time="0.001"/>
</testsuite> <!-- tests.AIGeneratedTest -->
