<?xml version="1.0" encoding="UTF-8"?>
<!-- Generated by org.testng.reporters.JUnitReportReporter -->
<testsuite hostname="chethan" failures="0" tests="1" name="testRunners.SmokeTestRunner" time="0.162" errors="1" timestamp="2025-07-01T15:23:17 IST" skipped="0">
  <testcase classname="testRunners.SmokeTestRunner" name="runScenario" time="0.162">
    <error message="Browser parameter not set! Please check TestNG configuration." type="java.lang.IllegalArgumentException">
      <![CDATA[java.lang.IllegalArgumentException: Browser parameter not set! Please check TestNG configuration.
at hooks.Hooks.setUp(Hooks.java:44)
]]>
    </error>
  </testcase> <!-- runScenario -->
</testsuite> <!-- testRunners.SmokeTestRunner -->
