<?xml version="1.0" encoding="UTF-8"?>
<!-- Generated by org.testng.reporters.JUnitReportReporter -->
<testsuite hostname="chethan" failures="0" tests="1" name="testRunners.ParallelTestRunner" time="11.698" errors="0" timestamp="2025-07-06T02:29:09 IST" skipped="0">
  <testcase classname="testRunners.ParallelTestRunner" name="runScenario" time="11.698"/>
</testsuite> <!-- testRunners.ParallelTestRunner -->
