<?xml version="1.0" encoding="UTF-8"?>
<!-- Generated by org.testng.reporters.JUnitReportReporter -->
<testsuite hostname="chethan" failures="0" tests="2" name="testRunners.DynamicRunner" time="15.863" errors="0" timestamp="2025-06-24T20:24:55 IST" skipped="0">
  <testcase classname="testRunners.DynamicRunner" name="runScenario" time="6.001"/>
  <testcase classname="testRunners.DynamicRunner" name="runScenario" time="9.862"/>
</testsuite> <!-- testRunners.DynamicRunner -->
