<?xml version="1.0" encoding="UTF-8"?>
<!-- Generated by org.testng.reporters.JUnitReportReporter -->
<testsuite hostname="chethan" failures="0" tests="1" name="testRunners.ParallelTestRunner" time="43.834" errors="0" timestamp="2025-08-06T11:09:05 IST" skipped="0">
  <testcase classname="testRunners.ParallelTestRunner" name="runScenario" time="43.834"/>
</testsuite> <!-- testRunners.ParallelTestRunner -->
