<?xml version="1.0" encoding="UTF-8"?>
<!-- Generated by org.testng.reporters.JUnitReportReporter -->
<testsuite hostname="chethan" failures="0" tests="1" name="testRunners.ParallelTestRunner" time="15.871" errors="0" timestamp="2025-08-09T00:52:11 IST" skipped="0">
  <testcase classname="testRunners.ParallelTestRunner" name="runScenario" time="15.871"/>
</testsuite> <!-- testRunners.ParallelTestRunner -->
